0 info it worked if it ends with ok
1 verbose cli [ '/usr/local/bin/node', '/usr/local/bin/npm', 'run', 'client' ]
2 info using npm@3.10.10
3 info using node@v7.3.0
4 verbose run-script [ 'preclient', 'client', 'postclient' ]
5 info lifecycle kol_tool@0.0.1~preclient: kol_tool@0.0.1
6 silly lifecycle kol_tool@0.0.1~preclient: no script for preclient, continuing
7 info lifecycle kol_tool@0.0.1~client: kol_tool@0.0.1
8 verbose lifecycle kol_tool@0.0.1~client: unsafe-perm in lifecycle true
9 verbose lifecycle kol_tool@0.0.1~client: PATH: /usr/local/lib/node_modules/npm/bin/node-gyp-bin:/src/node_modules/.bin:/usr/local/sbin:/usr/local/bin:/usr/sbin:/usr/bin:/sbin:/bin
10 verbose lifecycle kol_tool@0.0.1~client: CWD: /src
11 silly lifecycle kol_tool@0.0.1~client: Args: [ '-c', 'node client/build/dev-server.js' ]
12 silly lifecycle kol_tool@0.0.1~client: Returned: code: 1  signal: null
13 info lifecycle kol_tool@0.0.1~client: Failed to exec client script
14 verbose stack Error: kol_tool@0.0.1 client: `node client/build/dev-server.js`
14 verbose stack Exit status 1
14 verbose stack     at EventEmitter.<anonymous> (/usr/local/lib/node_modules/npm/lib/utils/lifecycle.js:255:16)
14 verbose stack     at emitTwo (events.js:106:13)
14 verbose stack     at EventEmitter.emit (events.js:191:7)
14 verbose stack     at ChildProcess.<anonymous> (/usr/local/lib/node_modules/npm/lib/utils/spawn.js:40:14)
14 verbose stack     at emitTwo (events.js:106:13)
14 verbose stack     at ChildProcess.emit (events.js:191:7)
14 verbose stack     at maybeClose (internal/child_process.js:885:16)
14 verbose stack     at Process.ChildProcess._handle.onexit (internal/child_process.js:226:5)
15 verbose pkgid kol_tool@0.0.1
16 verbose cwd /src
17 error Linux 4.4.39-moby
18 error argv "/usr/local/bin/node" "/usr/local/bin/npm" "run" "client"
19 error node v7.3.0
20 error npm  v3.10.10
21 error code ELIFECYCLE
22 error kol_tool@0.0.1 client: `node client/build/dev-server.js`
22 error Exit status 1
23 error Failed at the kol_tool@0.0.1 client script 'node client/build/dev-server.js'.
23 error Make sure you have the latest version of node.js and npm installed.
23 error If you do, this is most likely a problem with the kol_tool package,
23 error not with npm itself.
23 error Tell the author that this fails on your system:
23 error     node client/build/dev-server.js
23 error You can get information on how to open an issue for this project with:
23 error     npm bugs kol_tool
23 error Or if that isn't available, you can get their info via:
23 error     npm owner ls kol_tool
23 error There is likely additional logging output above.
24 verbose exit [ 1, true ]
